2016/10/14 16:49:42 にビルドを開始しました。
     1>ノード 2 上のプロジェクト "C:\Users\control-2016-03\Desktop\urg_library_ja-1.2.0\vs2010\cpp\get_multiecho_intensity\get_multiecho_intensity.vcxproj" (build ターゲット)。
     1>InitializeBuildStatus:
         "AlwaysCreate" が指定されたため "Release\get_multiecho_intensity.unsuccessfulbuild" を作成しています。
       ClCompile:
         C:\Program Files (x86)\Microsoft Visual Studio 10.0\VC\bin\CL.exe /c /I..\..\..\include\cpp /Zi /nologo /W3 /WX- /O2 /Oi /Oy- /GL /D WIN32 /D NDEBUG /D _CONSOLE /D _UNICODE /D UNICODE /Gm- /EHsc /MD /GS /Gy /fp:precise /Zc:wchar_t /Zc:forScope /Fo"Release\\" /Fd"Release\vc100.pdb" /Gd /TP /analyze- /errorReport:prompt ..\..\..\samples\cpp\Connection_information.cpp ..\..\..\samples\cpp\get_multiecho_intensity.cpp
         Connection_information.cpp
         get_multiecho_intensity.cpp
       Link:
         C:\Program Files (x86)\Microsoft Visual Studio 10.0\VC\bin\link.exe /ERRORREPORT:PROMPT /OUT:"C:\Users\control-2016-03\Desktop\urg_library_ja-1.2.0\vs2010\cpp\Release\get_multiecho_intensity.exe" /INCREMENTAL:NO /NOLOGO /LIBPATH:../Release urg_cpp.lib ws2_32.lib setupapi.lib kernel32.lib user32.lib gdi32.lib winspool.lib comdlg32.lib advapi32.lib shell32.lib ole32.lib oleaut32.lib uuid.lib odbc32.lib odbccp32.lib /MANIFEST /ManifestFile:"Release\get_multiecho_intensity.exe.intermediate.manifest" /MANIFESTUAC:"level='asInvoker' uiAccess='false'" /DEBUG /PDB:"C:\Users\control-2016-03\Desktop\urg_library_ja-1.2.0\vs2010\cpp\Release\get_multiecho_intensity.pdb" /SUBSYSTEM:CONSOLE /OPT:REF /OPT:ICF /LTCG /TLBID:1 /DYNAMICBASE /NXCOMPAT /IMPLIB:"C:\Users\control-2016-03\Desktop\urg_library_ja-1.2.0\vs2010\cpp\Release\get_multiecho_intensity.lib" /MACHINE:X86 Release\Connection_information.obj
         Release\get_multiecho_intensity.obj
         コード生成しています。
         コード生成が終了しました。
         get_multiecho_intensity.vcxproj -> C:\Users\control-2016-03\Desktop\urg_library_ja-1.2.0\vs2010\cpp\Release\get_multiecho_intensity.exe
       Manifest:
         C:\Program Files (x86)\Microsoft SDKs\Windows\v7.0A\bin\mt.exe /nologo /verbose /outputresource:"C:\Users\control-2016-03\Desktop\urg_library_ja-1.2.0\vs2010\cpp\Release\get_multiecho_intensity.exe;#1" /manifest Release\get_multiecho_intensity.exe.intermediate.manifest
       FinalizeBuildStatus:
         ファイル "Release\get_multiecho_intensity.unsuccessfulbuild" を削除しています。
         "Release\get_multiecho_intensity.lastbuildstate" のタッチ タスクを実行しています。
     1>プロジェクト "C:\Users\control-2016-03\Desktop\urg_library_ja-1.2.0\vs2010\cpp\get_multiecho_intensity\get_multiecho_intensity.vcxproj" (build ターゲット) のビルドが完了しました。

ビルドに成功しました。

経過時間 00:00:03.52
