2016/10/14 16:48:15 にビルドを開始しました。
     1>ノード 2 上のプロジェクト "C:\Users\control-2016-03\Desktop\urg_library_ja-1.2.0\vs2010\c\urg\urg.vcxproj" (build ターゲット)。
     1>PrepareForBuild:
         ディレクトリ "C:\Users\control-2016-03\Desktop\urg_library_ja-1.2.0\vs2010\cpp\Release\" を作成しています。
       InitializeBuildStatus:
         "AlwaysCreate" が指定されたため "Release\urg.unsuccessfulbuild" を作成しています。
       ClCompile:
         C:\Program Files (x86)\Microsoft Visual Studio 10.0\VC\bin\CL.exe /c /I..\..\..\include\c /Zi /nologo /W3 /WX- /O2 /Oy- /GL /D WIN32 /D NDEBUG /D _CONSOLE /D _UNICODE /D UNICODE /Gm- /EHsc /MD /GS /fp:precise /Zc:wchar_t /Zc:forScope /Fo"Release\\" /Fd"Release\vc100.pdb" /Gd /TC /analyze- /errorReport:prompt ..\..\..\src\urg_connection.c ..\..\..\src\urg_debug.c ..\..\..\src\urg_ring_buffer.c ..\..\..\src\urg_sensor.c ..\..\..\src\urg_serial.c ..\..\..\src\urg_serial_utils.c ..\..\..\src\urg_tcpclient.c ..\..\..\src\urg_utils.c /wd4996 
         urg_connection.c
         urg_debug.c
         urg_ring_buffer.c
         urg_sensor.c
         urg_serial.c
         urg_serial_utils.c
         urg_tcpclient.c
         urg_utils.c
       Lib:
         C:\Program Files (x86)\Microsoft Visual Studio 10.0\VC\bin\Lib.exe /OUT:"C:\Users\control-2016-03\Desktop\urg_library_ja-1.2.0\vs2010\cpp\Release\urg.lib" /NOLOGO /LTCG Release\urg_connection.obj
         Release\urg_debug.obj
         Release\urg_ring_buffer.obj
         Release\urg_sensor.obj
         Release\urg_serial.obj
         Release\urg_serial_utils.obj
         Release\urg_tcpclient.obj
         Release\urg_utils.obj
         urg.vcxproj -> C:\Users\control-2016-03\Desktop\urg_library_ja-1.2.0\vs2010\cpp\Release\urg.lib
       FinalizeBuildStatus:
         ファイル "Release\urg.unsuccessfulbuild" を削除しています。
         "Release\urg.lastbuildstate" のタッチ タスクを実行しています。
     1>プロジェクト "C:\Users\control-2016-03\Desktop\urg_library_ja-1.2.0\vs2010\c\urg\urg.vcxproj" (build ターゲット) のビルドが完了しました。

ビルドに成功しました。

経過時間 00:00:02.35
