2016/10/14 16:49:45 にビルドを開始しました。
     1>ノード 4 上のプロジェクト "C:\Users\control-2016-03\Desktop\urg_library_ja-1.2.0\vs2010\cpp\sensor_parameter\sensor_parameter.vcxproj" (build ターゲット)。
     1>InitializeBuildStatus:
         "AlwaysCreate" が指定されたため "Release\sensor_parameter.unsuccessfulbuild" を作成しています。
       ClCompile:
         C:\Program Files (x86)\Microsoft Visual Studio 10.0\VC\bin\CL.exe /c /I..\..\..\include\cpp /Zi /nologo /W3 /WX- /O2 /Oi /Oy- /GL /D WIN32 /D NDEBUG /D _CONSOLE /D _UNICODE /D UNICODE /Gm- /EHsc /MD /GS /Gy /fp:precise /Zc:wchar_t /Zc:forScope /Fo"Release\\" /Fd"Release\vc100.pdb" /Gd /TP /analyze- /errorReport:prompt ..\..\..\samples\cpp\Connection_information.cpp ..\..\..\samples\cpp\sensor_parameter.cpp
         Connection_information.cpp
         sensor_parameter.cpp
       Link:
         C:\Program Files (x86)\Microsoft Visual Studio 10.0\VC\bin\link.exe /ERRORREPORT:PROMPT /OUT:"C:\Users\control-2016-03\Desktop\urg_library_ja-1.2.0\vs2010\cpp\Release\sensor_parameter.exe" /INCREMENTAL:NO /NOLOGO /LIBPATH:../Release urg_cpp.lib ws2_32.lib setupapi.lib kernel32.lib user32.lib gdi32.lib winspool.lib comdlg32.lib advapi32.lib shell32.lib ole32.lib oleaut32.lib uuid.lib odbc32.lib odbccp32.lib /MANIFEST /ManifestFile:"Release\sensor_parameter.exe.intermediate.manifest" /MANIFESTUAC:"level='asInvoker' uiAccess='false'" /DEBUG /PDB:"C:\Users\control-2016-03\Desktop\urg_library_ja-1.2.0\vs2010\cpp\Release\sensor_parameter.pdb" /SUBSYSTEM:CONSOLE /OPT:REF /OPT:ICF /LTCG /TLBID:1 /DYNAMICBASE /NXCOMPAT /IMPLIB:"C:\Users\control-2016-03\Desktop\urg_library_ja-1.2.0\vs2010\cpp\Release\sensor_parameter.lib" /MACHINE:X86 Release\Connection_information.obj
         Release\sensor_parameter.obj
         コード生成しています。
         コード生成が終了しました。
         sensor_parameter.vcxproj -> C:\Users\control-2016-03\Desktop\urg_library_ja-1.2.0\vs2010\cpp\Release\sensor_parameter.exe
       Manifest:
         C:\Program Files (x86)\Microsoft SDKs\Windows\v7.0A\bin\mt.exe /nologo /verbose /outputresource:"C:\Users\control-2016-03\Desktop\urg_library_ja-1.2.0\vs2010\cpp\Release\sensor_parameter.exe;#1" /manifest Release\sensor_parameter.exe.intermediate.manifest
       FinalizeBuildStatus:
         ファイル "Release\sensor_parameter.unsuccessfulbuild" を削除しています。
         "Release\sensor_parameter.lastbuildstate" のタッチ タスクを実行しています。
     1>プロジェクト "C:\Users\control-2016-03\Desktop\urg_library_ja-1.2.0\vs2010\cpp\sensor_parameter\sensor_parameter.vcxproj" (build ターゲット) のビルドが完了しました。

ビルドに成功しました。

経過時間 00:00:02.08
