2016/10/14 16:42:10 にビルドを開始しました。
     1>ノード 5 上のプロジェクト "C:\Users\control-2016-03\Desktop\urg_library_ja-1.2.0\vs2010\cpp\sync_time_stamp\sync_time_stamp.vcxproj" (build ターゲット)。
     1>InitializeBuildStatus:
         "AlwaysCreate" が指定されたため "Debug\sync_time_stamp.unsuccessfulbuild" を作成しています。
       ClCompile:
         C:\Program Files (x86)\Microsoft Visual Studio 10.0\VC\bin\CL.exe /c /I..\..\..\include\cpp /ZI /nologo /W3 /WX- /Od /Oy- /D WIN32 /D _DEBUG /D _CONSOLE /D _UNICODE /D UNICODE /Gm /EHsc /RTC1 /MDd /GS /fp:precise /Zc:wchar_t /Zc:forScope /Fo"Debug\\" /Fd"Debug\vc100.pdb" /Gd /TP /analyze- /errorReport:prompt ..\..\..\samples\cpp\Connection_information.cpp ..\..\..\samples\cpp\sync_time_stamp.cpp
         sync_time_stamp.cpp
         Connection_information.cpp
         コードを生成中...
       ManifestResourceCompile:
         C:\Program Files (x86)\Microsoft SDKs\Windows\v7.0A\bin\rc.exe /nologo /fo"Debug\sync_time_stamp.exe.embed.manifest.res" Debug\sync_time_stamp_manifest.rc 
       Link:
         C:\Program Files (x86)\Microsoft Visual Studio 10.0\VC\bin\link.exe /ERRORREPORT:PROMPT /OUT:"C:\Users\control-2016-03\Desktop\urg_library_ja-1.2.0\vs2010\cpp\Debug\sync_time_stamp.exe" /INCREMENTAL /NOLOGO /LIBPATH:../Debug urg_cpp.lib ws2_32.lib setupapi.lib kernel32.lib user32.lib gdi32.lib winspool.lib comdlg32.lib advapi32.lib shell32.lib ole32.lib oleaut32.lib uuid.lib odbc32.lib odbccp32.lib /MANIFEST /ManifestFile:"Debug\sync_time_stamp.exe.intermediate.manifest" /MANIFESTUAC:"level='asInvoker' uiAccess='false'" /DEBUG /PDB:"C:\Users\control-2016-03\Desktop\urg_library_ja-1.2.0\vs2010\cpp\Debug\sync_time_stamp.pdb" /SUBSYSTEM:CONSOLE /TLBID:1 /DYNAMICBASE /NXCOMPAT /IMPLIB:"C:\Users\control-2016-03\Desktop\urg_library_ja-1.2.0\vs2010\cpp\Debug\sync_time_stamp.lib" /MACHINE:X86 Debug\sync_time_stamp.exe.embed.manifest.res
         Debug\Connection_information.obj
         Debug\sync_time_stamp.obj
       Manifest:
         C:\Program Files (x86)\Microsoft SDKs\Windows\v7.0A\bin\mt.exe /nologo /verbose /out:"Debug\sync_time_stamp.exe.embed.manifest" /manifest Debug\sync_time_stamp.exe.intermediate.manifest
         C:\Program Files (x86)\Microsoft SDKs\Windows\v7.0A\bin\rc.exe /nologo /fo"Debug\sync_time_stamp.exe.embed.manifest.res" Debug\sync_time_stamp_manifest.rc 
       LinkEmbedManifest:
         C:\Program Files (x86)\Microsoft Visual Studio 10.0\VC\bin\link.exe /ERRORREPORT:PROMPT /OUT:"C:\Users\control-2016-03\Desktop\urg_library_ja-1.2.0\vs2010\cpp\Debug\sync_time_stamp.exe" /INCREMENTAL /NOLOGO /LIBPATH:../Debug urg_cpp.lib ws2_32.lib setupapi.lib kernel32.lib user32.lib gdi32.lib winspool.lib comdlg32.lib advapi32.lib shell32.lib ole32.lib oleaut32.lib uuid.lib odbc32.lib odbccp32.lib /MANIFEST /ManifestFile:"Debug\sync_time_stamp.exe.intermediate.manifest" /MANIFESTUAC:"level='asInvoker' uiAccess='false'" /DEBUG /PDB:"C:\Users\control-2016-03\Desktop\urg_library_ja-1.2.0\vs2010\cpp\Debug\sync_time_stamp.pdb" /SUBSYSTEM:CONSOLE /TLBID:1 /DYNAMICBASE /NXCOMPAT /IMPLIB:"C:\Users\control-2016-03\Desktop\urg_library_ja-1.2.0\vs2010\cpp\Debug\sync_time_stamp.lib" /MACHINE:X86 Debug\sync_time_stamp.exe.embed.manifest.res
         Debug\Connection_information.obj
         Debug\sync_time_stamp.obj
         sync_time_stamp.vcxproj -> C:\Users\control-2016-03\Desktop\urg_library_ja-1.2.0\vs2010\cpp\Debug\sync_time_stamp.exe
       FinalizeBuildStatus:
         ファイル "Debug\sync_time_stamp.unsuccessfulbuild" を削除しています。
         "Debug\sync_time_stamp.lastbuildstate" のタッチ タスクを実行しています。
     1>プロジェクト "C:\Users\control-2016-03\Desktop\urg_library_ja-1.2.0\vs2010\cpp\sync_time_stamp\sync_time_stamp.vcxproj" (build ターゲット) のビルドが完了しました。

ビルドに成功しました。

経過時間 00:00:02.40
